/home/soug/sw_ws/install/seawings_mission_management/lib/python3.12/site-packages/seawings_mission_management/__init__.py
/home/soug/sw_ws/install/seawings_mission_management/lib/python3.12/site-packages/seawings_mission_management/mission_supervisor.py
/home/soug/sw_ws/install/seawings_mission_management/lib/python3.12/site-packages/seawings_mission_management/fault_detector.py
/home/soug/sw_ws/install/seawings_mission_management/lib/python3.12/site-packages/seawings_mission_management/power_monitor.py
/home/soug/sw_ws/install/seawings_mission_management/lib/python3.12/site-packages/seawings_mission_management/__pycache__/__init__.cpython-312.pyc
/home/soug/sw_ws/install/seawings_mission_management/lib/python3.12/site-packages/seawings_mission_management/__pycache__/mission_supervisor.cpython-312.pyc
/home/soug/sw_ws/install/seawings_mission_management/lib/python3.12/site-packages/seawings_mission_management/__pycache__/fault_detector.cpython-312.pyc
/home/soug/sw_ws/install/seawings_mission_management/lib/python3.12/site-packages/seawings_mission_management/__pycache__/power_monitor.cpython-312.pyc
/home/soug/sw_ws/install/seawings_mission_management/share/ament_index/resource_index/packages/seawings_mission_management
/home/soug/sw_ws/install/seawings_mission_management/share/seawings_mission_management/package.xml
/home/soug/sw_ws/install/seawings_mission_management/share/seawings_mission_management/launch/seawings_mission_v2.launch.py
/home/soug/sw_ws/install/seawings_mission_management/share/seawings_mission_management/launch/seawings_mission.launch.py
/home/soug/sw_ws/install/seawings_mission_management/share/seawings_mission_management/config/mission_params.yaml
/home/soug/sw_ws/install/seawings_mission_management/lib/python3.12/site-packages/seawings_mission_management-1.0.0-py3.12.egg-info/entry_points.txt
/home/soug/sw_ws/install/seawings_mission_management/lib/python3.12/site-packages/seawings_mission_management-1.0.0-py3.12.egg-info/SOURCES.txt
/home/soug/sw_ws/install/seawings_mission_management/lib/python3.12/site-packages/seawings_mission_management-1.0.0-py3.12.egg-info/zip-safe
/home/soug/sw_ws/install/seawings_mission_management/lib/python3.12/site-packages/seawings_mission_management-1.0.0-py3.12.egg-info/requires.txt
/home/soug/sw_ws/install/seawings_mission_management/lib/python3.12/site-packages/seawings_mission_management-1.0.0-py3.12.egg-info/top_level.txt
/home/soug/sw_ws/install/seawings_mission_management/lib/python3.12/site-packages/seawings_mission_management-1.0.0-py3.12.egg-info/PKG-INFO
/home/soug/sw_ws/install/seawings_mission_management/lib/python3.12/site-packages/seawings_mission_management-1.0.0-py3.12.egg-info/dependency_links.txt
/home/soug/sw_ws/install/seawings_mission_management/lib/seawings_mission_management/fault_detector
/home/soug/sw_ws/install/seawings_mission_management/lib/seawings_mission_management/mission_supervisor
/home/soug/sw_ws/install/seawings_mission_management/lib/seawings_mission_management/power_monitor
