[0.500s] Invoking command in '/home/soug/sw_ws/src/seawings_mission_management': DEBUGINFOD_URLS=https://debuginfod.ubuntu.com PYTHONPATH=/home/soug/sw_ws/build/seawings_mission_management/prefix_override:/usr/lib/python3/dist-packages/colcon_core/task/python/colcon_distutils_commands:/home/soug/sw_ws/install/seawings_mission_management/lib/python3.12/site-packages:/home/soug/sw_ws/install/px4_msgs/lib/python3.12/site-packages:/home/soug/sw_ws/install/seawings_mission_management/lib/python3.12/site-packages:/opt/ros/jazzy/lib/python3.12/site-packages /usr/bin/python3 -W ignore:setup.py install is deprecated -W ignore:easy_install command is deprecated setup.py egg_info --egg-base ../../build/seawings_mission_management build --build-base /home/soug/sw_ws/build/seawings_mission_management/build install --record /home/soug/sw_ws/build/seawings_mission_management/install.log --single-version-externally-managed install_data
[0.636s] running egg_info
[0.644s] writing ../../build/seawings_mission_management/seawings_mission_management.egg-info/PKG-INFO
[0.644s] writing dependency_links to ../../build/seawings_mission_management/seawings_mission_management.egg-info/dependency_links.txt
[0.644s] writing entry points to ../../build/seawings_mission_management/seawings_mission_management.egg-info/entry_points.txt
[0.644s] writing requirements to ../../build/seawings_mission_management/seawings_mission_management.egg-info/requires.txt
[0.644s] writing top-level names to ../../build/seawings_mission_management/seawings_mission_management.egg-info/top_level.txt
[0.662s] reading manifest file '../../build/seawings_mission_management/seawings_mission_management.egg-info/SOURCES.txt'
[0.663s] writing manifest file '../../build/seawings_mission_management/seawings_mission_management.egg-info/SOURCES.txt'
[0.663s] running build
[0.663s] running build_py
[0.663s] copying seawings_mission_management/power_monitor.py -> /home/soug/sw_ws/build/seawings_mission_management/build/lib/seawings_mission_management
[0.663s] running install
[0.667s] running install_lib
[0.676s] copying /home/soug/sw_ws/build/seawings_mission_management/build/lib/seawings_mission_management/power_monitor.py -> /home/soug/sw_ws/install/seawings_mission_management/lib/python3.12/site-packages/seawings_mission_management
[0.677s] byte-compiling /home/soug/sw_ws/install/seawings_mission_management/lib/python3.12/site-packages/seawings_mission_management/power_monitor.py to power_monitor.cpython-312.pyc
[0.681s] running install_data
[0.681s] running install_egg_info
[0.691s] removing '/home/soug/sw_ws/install/seawings_mission_management/lib/python3.12/site-packages/seawings_mission_management-1.0.0-py3.12.egg-info' (and everything under it)
[0.691s] Copying ../../build/seawings_mission_management/seawings_mission_management.egg-info to /home/soug/sw_ws/install/seawings_mission_management/lib/python3.12/site-packages/seawings_mission_management-1.0.0-py3.12.egg-info
[0.692s] running install_scripts
[0.760s] Installing fault_detector script to /home/soug/sw_ws/install/seawings_mission_management/lib/seawings_mission_management
[0.760s] Installing mission_supervisor script to /home/soug/sw_ws/install/seawings_mission_management/lib/seawings_mission_management
[0.760s] Installing power_monitor script to /home/soug/sw_ws/install/seawings_mission_management/lib/seawings_mission_management
[0.760s] writing list of installed files to '/home/soug/sw_ws/build/seawings_mission_management/install.log'
[0.791s] Invoked command in '/home/soug/sw_ws/src/seawings_mission_management' returned '0': DEBUGINFOD_URLS=https://debuginfod.ubuntu.com PYTHONPATH=/home/soug/sw_ws/build/seawings_mission_management/prefix_override:/usr/lib/python3/dist-packages/colcon_core/task/python/colcon_distutils_commands:/home/soug/sw_ws/install/seawings_mission_management/lib/python3.12/site-packages:/home/soug/sw_ws/install/px4_msgs/lib/python3.12/site-packages:/home/soug/sw_ws/install/seawings_mission_management/lib/python3.12/site-packages:/opt/ros/jazzy/lib/python3.12/site-packages /usr/bin/python3 -W ignore:setup.py install is deprecated -W ignore:easy_install command is deprecated setup.py egg_info --egg-base ../../build/seawings_mission_management build --build-base /home/soug/sw_ws/build/seawings_mission_management/build install --record /home/soug/sw_ws/build/seawings_mission_management/install.log --single-version-externally-managed install_data
