[1.572s] Invoking command in '/home/soug/sw_ws/src/seawings_mission_management': AMENT_PREFIX_PATH=/home/soug/sw_ws/install/px4_msgs:${AMENT_PREFIX_PATH} CMAKE_PREFIX_PATH=/home/soug/sw_ws/install/px4_msgs:${CMAKE_PREFIX_PATH} DEBUGINFOD_URLS=https://debuginfod.ubuntu.com LD_LIBRARY_PATH=/home/soug/sw_ws/install/px4_msgs/lib:${LD_LIBRARY_PATH} PYTHONPATH=/home/soug/sw_ws/build/seawings_mission_management/prefix_override:/usr/lib/python3/dist-packages/colcon_core/task/python/colcon_distutils_commands:/home/soug/sw_ws/install/seawings_mission_management/lib/python3.12/site-packages:/home/soug/sw_ws/install/px4_msgs/lib/python3.12/site-packages:${PYTHONPATH} /usr/bin/python3 -W ignore:setup.py install is deprecated -W ignore:easy_install command is deprecated setup.py egg_info --egg-base ../../build/seawings_mission_management build --build-base /home/soug/sw_ws/build/seawings_mission_management/build install --record /home/soug/sw_ws/build/seawings_mission_management/install.log --single-version-externally-managed install_data
[2.015s] running egg_info
[2.043s] writing ../../build/seawings_mission_management/seawings_mission_management.egg-info/PKG-INFO
[2.043s] writing dependency_links to ../../build/seawings_mission_management/seawings_mission_management.egg-info/dependency_links.txt
[2.043s] writing entry points to ../../build/seawings_mission_management/seawings_mission_management.egg-info/entry_points.txt
[2.044s] writing requirements to ../../build/seawings_mission_management/seawings_mission_management.egg-info/requires.txt
[2.044s] writing top-level names to ../../build/seawings_mission_management/seawings_mission_management.egg-info/top_level.txt
[2.100s] reading manifest file '../../build/seawings_mission_management/seawings_mission_management.egg-info/SOURCES.txt'
[2.102s] writing manifest file '../../build/seawings_mission_management/seawings_mission_management.egg-info/SOURCES.txt'
[2.102s] running build
[2.102s] running build_py
[2.103s] copying seawings_mission_management/power_monitor.py -> /home/soug/sw_ws/build/seawings_mission_management/build/lib/seawings_mission_management
[2.103s] running install
[2.114s] running install_lib
[2.136s] copying /home/soug/sw_ws/build/seawings_mission_management/build/lib/seawings_mission_management/power_monitor.py -> /home/soug/sw_ws/install/seawings_mission_management/lib/python3.12/site-packages/seawings_mission_management
[2.137s] byte-compiling /home/soug/sw_ws/install/seawings_mission_management/lib/python3.12/site-packages/seawings_mission_management/power_monitor.py to power_monitor.cpython-312.pyc
[2.146s] running install_data
[2.146s] running install_egg_info
[2.175s] removing '/home/soug/sw_ws/install/seawings_mission_management/lib/python3.12/site-packages/seawings_mission_management-1.0.0-py3.12.egg-info' (and everything under it)
[2.175s] Copying ../../build/seawings_mission_management/seawings_mission_management.egg-info to /home/soug/sw_ws/install/seawings_mission_management/lib/python3.12/site-packages/seawings_mission_management-1.0.0-py3.12.egg-info
[2.176s] running install_scripts
[2.387s] Installing fault_detector script to /home/soug/sw_ws/install/seawings_mission_management/lib/seawings_mission_management
[2.387s] Installing mission_supervisor script to /home/soug/sw_ws/install/seawings_mission_management/lib/seawings_mission_management
[2.387s] Installing power_monitor script to /home/soug/sw_ws/install/seawings_mission_management/lib/seawings_mission_management
[2.387s] writing list of installed files to '/home/soug/sw_ws/build/seawings_mission_management/install.log'
[2.439s] Invoked command in '/home/soug/sw_ws/src/seawings_mission_management' returned '0': AMENT_PREFIX_PATH=/home/soug/sw_ws/install/px4_msgs:${AMENT_PREFIX_PATH} CMAKE_PREFIX_PATH=/home/soug/sw_ws/install/px4_msgs:${CMAKE_PREFIX_PATH} DEBUGINFOD_URLS=https://debuginfod.ubuntu.com LD_LIBRARY_PATH=/home/soug/sw_ws/install/px4_msgs/lib:${LD_LIBRARY_PATH} PYTHONPATH=/home/soug/sw_ws/build/seawings_mission_management/prefix_override:/usr/lib/python3/dist-packages/colcon_core/task/python/colcon_distutils_commands:/home/soug/sw_ws/install/seawings_mission_management/lib/python3.12/site-packages:/home/soug/sw_ws/install/px4_msgs/lib/python3.12/site-packages:${PYTHONPATH} /usr/bin/python3 -W ignore:setup.py install is deprecated -W ignore:easy_install command is deprecated setup.py egg_info --egg-base ../../build/seawings_mission_management build --build-base /home/soug/sw_ws/build/seawings_mission_management/build install --record /home/soug/sw_ws/build/seawings_mission_management/install.log --single-version-externally-managed install_data
