running egg_info
creating ../../build/seawings_mission_management/seawings_mission_management.egg-info
writing ../../build/seawings_mission_management/seawings_mission_management.egg-info/PKG-INFO
writing dependency_links to ../../build/seawings_mission_management/seawings_mission_management.egg-info/dependency_links.txt
writing entry points to ../../build/seawings_mission_management/seawings_mission_management.egg-info/entry_points.txt
writing requirements to ../../build/seawings_mission_management/seawings_mission_management.egg-info/requires.txt
writing top-level names to ../../build/seawings_mission_management/seawings_mission_management.egg-info/top_level.txt
writing manifest file '../../build/seawings_mission_management/seawings_mission_management.egg-info/SOURCES.txt'
reading manifest file '../../build/seawings_mission_management/seawings_mission_management.egg-info/SOURCES.txt'
writing manifest file '../../build/seawings_mission_management/seawings_mission_management.egg-info/SOURCES.txt'
running build
running build_py
creating /home/soug/sw_ws/build/seawings_mission_management/build
creating /home/soug/sw_ws/build/seawings_mission_management/build/lib
creating /home/soug/sw_ws/build/seawings_mission_management/build/lib/seawings_mission_management
copying seawings_mission_management/__init__.py -> /home/soug/sw_ws/build/seawings_mission_management/build/lib/seawings_mission_management
copying seawings_mission_management/mission_supervisor.py -> /home/soug/sw_ws/build/seawings_mission_management/build/lib/seawings_mission_management
copying seawings_mission_management/fault_detector.py -> /home/soug/sw_ws/build/seawings_mission_management/build/lib/seawings_mission_management
copying seawings_mission_management/power_monitor.py -> /home/soug/sw_ws/build/seawings_mission_management/build/lib/seawings_mission_management
running install
running install_lib
creating /home/soug/sw_ws/install/seawings_mission_management/lib/python3.12/site-packages/seawings_mission_management
copying /home/soug/sw_ws/build/seawings_mission_management/build/lib/seawings_mission_management/__init__.py -> /home/soug/sw_ws/install/seawings_mission_management/lib/python3.12/site-packages/seawings_mission_management
copying /home/soug/sw_ws/build/seawings_mission_management/build/lib/seawings_mission_management/mission_supervisor.py -> /home/soug/sw_ws/install/seawings_mission_management/lib/python3.12/site-packages/seawings_mission_management
copying /home/soug/sw_ws/build/seawings_mission_management/build/lib/seawings_mission_management/fault_detector.py -> /home/soug/sw_ws/install/seawings_mission_management/lib/python3.12/site-packages/seawings_mission_management
copying /home/soug/sw_ws/build/seawings_mission_management/build/lib/seawings_mission_management/power_monitor.py -> /home/soug/sw_ws/install/seawings_mission_management/lib/python3.12/site-packages/seawings_mission_management
byte-compiling /home/soug/sw_ws/install/seawings_mission_management/lib/python3.12/site-packages/seawings_mission_management/__init__.py to __init__.cpython-312.pyc
byte-compiling /home/soug/sw_ws/install/seawings_mission_management/lib/python3.12/site-packages/seawings_mission_management/mission_supervisor.py to mission_supervisor.cpython-312.pyc
byte-compiling /home/soug/sw_ws/install/seawings_mission_management/lib/python3.12/site-packages/seawings_mission_management/fault_detector.py to fault_detector.cpython-312.pyc
byte-compiling /home/soug/sw_ws/install/seawings_mission_management/lib/python3.12/site-packages/seawings_mission_management/power_monitor.py to power_monitor.cpython-312.pyc
running install_data
creating /home/soug/sw_ws/install/seawings_mission_management/share/ament_index
creating /home/soug/sw_ws/install/seawings_mission_management/share/ament_index/resource_index
creating /home/soug/sw_ws/install/seawings_mission_management/share/ament_index/resource_index/packages
copying resource/seawings_mission_management -> /home/soug/sw_ws/install/seawings_mission_management/share/ament_index/resource_index/packages
copying package.xml -> /home/soug/sw_ws/install/seawings_mission_management/share/seawings_mission_management
creating /home/soug/sw_ws/install/seawings_mission_management/share/seawings_mission_management/launch
copying launch/seawings_mission_v2.launch.py -> /home/soug/sw_ws/install/seawings_mission_management/share/seawings_mission_management/launch
copying launch/seawings_mission.launch.py -> /home/soug/sw_ws/install/seawings_mission_management/share/seawings_mission_management/launch
creating /home/soug/sw_ws/install/seawings_mission_management/share/seawings_mission_management/config
copying config/mission_params.yaml -> /home/soug/sw_ws/install/seawings_mission_management/share/seawings_mission_management/config
running install_egg_info
Copying ../../build/seawings_mission_management/seawings_mission_management.egg-info to /home/soug/sw_ws/install/seawings_mission_management/lib/python3.12/site-packages/seawings_mission_management-1.0.0-py3.12.egg-info
running install_scripts
Installing fault_detector script to /home/soug/sw_ws/install/seawings_mission_management/lib/seawings_mission_management
Installing mission_supervisor script to /home/soug/sw_ws/install/seawings_mission_management/lib/seawings_mission_management
Installing power_monitor script to /home/soug/sw_ws/install/seawings_mission_management/lib/seawings_mission_management
writing list of installed files to '/home/soug/sw_ws/build/seawings_mission_management/install.log'
