[0.735s] Invoking command in '/home/soug/sw_ws/src/seawings_mission_management': AMENT_PREFIX_PATH=/home/soug/sw_ws/install/px4_msgs:${AMENT_PREFIX_PATH} CMAKE_PREFIX_PATH=/home/soug/sw_ws/install/px4_msgs:${CMAKE_PREFIX_PATH} DEBUGINFOD_URLS=https://debuginfod.ubuntu.com LD_LIBRARY_PATH=/home/soug/sw_ws/install/px4_msgs/lib:${LD_LIBRARY_PATH} PYTHONPATH=/home/soug/sw_ws/build/seawings_mission_management/prefix_override:/usr/lib/python3/dist-packages/colcon_core/task/python/colcon_distutils_commands:/home/soug/sw_ws/install/seawings_mission_management/lib/python3.12/site-packages:/home/soug/sw_ws/install/px4_msgs/lib/python3.12/site-packages:${PYTHONPATH} /usr/bin/python3 -W ignore:setup.py install is deprecated -W ignore:easy_install command is deprecated setup.py egg_info --egg-base ../../build/seawings_mission_management build --build-base /home/soug/sw_ws/build/seawings_mission_management/build install --record /home/soug/sw_ws/build/seawings_mission_management/install.log --single-version-externally-managed install_data
[0.902s] running egg_info
[0.902s] creating ../../build/seawings_mission_management/seawings_mission_management.egg-info
[0.909s] writing ../../build/seawings_mission_management/seawings_mission_management.egg-info/PKG-INFO
[0.909s] writing dependency_links to ../../build/seawings_mission_management/seawings_mission_management.egg-info/dependency_links.txt
[0.909s] writing entry points to ../../build/seawings_mission_management/seawings_mission_management.egg-info/entry_points.txt
[0.909s] writing requirements to ../../build/seawings_mission_management/seawings_mission_management.egg-info/requires.txt
[0.909s] writing top-level names to ../../build/seawings_mission_management/seawings_mission_management.egg-info/top_level.txt
[0.910s] writing manifest file '../../build/seawings_mission_management/seawings_mission_management.egg-info/SOURCES.txt'
[0.924s] reading manifest file '../../build/seawings_mission_management/seawings_mission_management.egg-info/SOURCES.txt'
[0.924s] writing manifest file '../../build/seawings_mission_management/seawings_mission_management.egg-info/SOURCES.txt'
[0.924s] running build
[0.925s] running build_py
[0.925s] creating /home/soug/sw_ws/build/seawings_mission_management/build
[0.925s] creating /home/soug/sw_ws/build/seawings_mission_management/build/lib
[0.925s] creating /home/soug/sw_ws/build/seawings_mission_management/build/lib/seawings_mission_management
[0.925s] copying seawings_mission_management/__init__.py -> /home/soug/sw_ws/build/seawings_mission_management/build/lib/seawings_mission_management
[0.925s] copying seawings_mission_management/mission_supervisor.py -> /home/soug/sw_ws/build/seawings_mission_management/build/lib/seawings_mission_management
[0.925s] copying seawings_mission_management/fault_detector.py -> /home/soug/sw_ws/build/seawings_mission_management/build/lib/seawings_mission_management
[0.925s] copying seawings_mission_management/power_monitor.py -> /home/soug/sw_ws/build/seawings_mission_management/build/lib/seawings_mission_management
[0.925s] running install
[0.928s] running install_lib
[0.935s] creating /home/soug/sw_ws/install/seawings_mission_management/lib/python3.12/site-packages/seawings_mission_management
[0.935s] copying /home/soug/sw_ws/build/seawings_mission_management/build/lib/seawings_mission_management/__init__.py -> /home/soug/sw_ws/install/seawings_mission_management/lib/python3.12/site-packages/seawings_mission_management
[0.935s] copying /home/soug/sw_ws/build/seawings_mission_management/build/lib/seawings_mission_management/mission_supervisor.py -> /home/soug/sw_ws/install/seawings_mission_management/lib/python3.12/site-packages/seawings_mission_management
[0.935s] copying /home/soug/sw_ws/build/seawings_mission_management/build/lib/seawings_mission_management/fault_detector.py -> /home/soug/sw_ws/install/seawings_mission_management/lib/python3.12/site-packages/seawings_mission_management
[0.935s] copying /home/soug/sw_ws/build/seawings_mission_management/build/lib/seawings_mission_management/power_monitor.py -> /home/soug/sw_ws/install/seawings_mission_management/lib/python3.12/site-packages/seawings_mission_management
[0.936s] byte-compiling /home/soug/sw_ws/install/seawings_mission_management/lib/python3.12/site-packages/seawings_mission_management/__init__.py to __init__.cpython-312.pyc
[0.936s] byte-compiling /home/soug/sw_ws/install/seawings_mission_management/lib/python3.12/site-packages/seawings_mission_management/mission_supervisor.py to mission_supervisor.cpython-312.pyc
[0.937s] byte-compiling /home/soug/sw_ws/install/seawings_mission_management/lib/python3.12/site-packages/seawings_mission_management/fault_detector.py to fault_detector.cpython-312.pyc
[0.939s] byte-compiling /home/soug/sw_ws/install/seawings_mission_management/lib/python3.12/site-packages/seawings_mission_management/power_monitor.py to power_monitor.cpython-312.pyc
[0.940s] running install_data
[0.940s] creating /home/soug/sw_ws/install/seawings_mission_management/share/ament_index
[0.940s] creating /home/soug/sw_ws/install/seawings_mission_management/share/ament_index/resource_index
[0.940s] creating /home/soug/sw_ws/install/seawings_mission_management/share/ament_index/resource_index/packages
[0.940s] copying resource/seawings_mission_management -> /home/soug/sw_ws/install/seawings_mission_management/share/ament_index/resource_index/packages
[0.940s] copying package.xml -> /home/soug/sw_ws/install/seawings_mission_management/share/seawings_mission_management
[0.940s] creating /home/soug/sw_ws/install/seawings_mission_management/share/seawings_mission_management/launch
[0.941s] copying launch/seawings_mission_v2.launch.py -> /home/soug/sw_ws/install/seawings_mission_management/share/seawings_mission_management/launch
[0.941s] copying launch/seawings_mission.launch.py -> /home/soug/sw_ws/install/seawings_mission_management/share/seawings_mission_management/launch
[0.941s] creating /home/soug/sw_ws/install/seawings_mission_management/share/seawings_mission_management/config
[0.941s] copying config/mission_params.yaml -> /home/soug/sw_ws/install/seawings_mission_management/share/seawings_mission_management/config
[0.941s] running install_egg_info
[0.948s] Copying ../../build/seawings_mission_management/seawings_mission_management.egg-info to /home/soug/sw_ws/install/seawings_mission_management/lib/python3.12/site-packages/seawings_mission_management-1.0.0-py3.12.egg-info
[0.949s] running install_scripts
[1.007s] Installing fault_detector script to /home/soug/sw_ws/install/seawings_mission_management/lib/seawings_mission_management
[1.007s] Installing mission_supervisor script to /home/soug/sw_ws/install/seawings_mission_management/lib/seawings_mission_management
[1.007s] Installing power_monitor script to /home/soug/sw_ws/install/seawings_mission_management/lib/seawings_mission_management
[1.007s] writing list of installed files to '/home/soug/sw_ws/build/seawings_mission_management/install.log'
[1.026s] Invoked command in '/home/soug/sw_ws/src/seawings_mission_management' returned '0': AMENT_PREFIX_PATH=/home/soug/sw_ws/install/px4_msgs:${AMENT_PREFIX_PATH} CMAKE_PREFIX_PATH=/home/soug/sw_ws/install/px4_msgs:${CMAKE_PREFIX_PATH} DEBUGINFOD_URLS=https://debuginfod.ubuntu.com LD_LIBRARY_PATH=/home/soug/sw_ws/install/px4_msgs/lib:${LD_LIBRARY_PATH} PYTHONPATH=/home/soug/sw_ws/build/seawings_mission_management/prefix_override:/usr/lib/python3/dist-packages/colcon_core/task/python/colcon_distutils_commands:/home/soug/sw_ws/install/seawings_mission_management/lib/python3.12/site-packages:/home/soug/sw_ws/install/px4_msgs/lib/python3.12/site-packages:${PYTHONPATH} /usr/bin/python3 -W ignore:setup.py install is deprecated -W ignore:easy_install command is deprecated setup.py egg_info --egg-base ../../build/seawings_mission_management build --build-base /home/soug/sw_ws/build/seawings_mission_management/build install --record /home/soug/sw_ws/build/seawings_mission_management/install.log --single-version-externally-managed install_data
