[0.074s] DEBUG:colcon:Command line arguments: ['/usr/bin/colcon', 'build', '--packages-select', 'px4_msgs', 'px4_ros_com']
[0.074s] DEBUG:colcon:Parsed command line arguments: Namespace(log_base=None, log_level=None, verb_name='build', build_base='build', install_base='install', merge_install=False, symlink_install=False, test_result_base=None, continue_on_error=False, executor='parallel', parallel_workers=24, event_handlers=None, ignore_user_meta=False, metas=['./colcon.meta'], base_paths=['.'], packages_ignore=None, packages_ignore_regex=None, paths=None, packages_up_to=None, packages_up_to_regex=None, packages_above=None, packages_above_and_dependencies=None, packages_above_depth=None, packages_select_by_dep=None, packages_skip_by_dep=None, packages_skip_up_to=None, packages_select_build_failed=False, packages_skip_build_finished=False, packages_select_test_failures=False, packages_skip_test_passed=False, packages_select=['px4_msgs', 'px4_ros_com'], packages_skip=None, packages_select_regex=None, packages_skip_regex=None, packages_start=None, packages_end=None, allow_overriding=[], cmake_args=None, cmake_target=None, cmake_target_skip_unavailable=False, cmake_clean_cache=False, cmake_clean_first=False, cmake_force_configure=False, ament_cmake_args=None, catkin_cmake_args=None, catkin_skip_building_tests=False, mixin_files=None, mixin=None, verb_parser=<colcon_mixin.mixin.mixin_argument.MixinArgumentDecorator object at 0x78d336961c10>, verb_extension=<colcon_core.verb.build.BuildVerb object at 0x78d3368e78f0>, main=<bound method BuildVerb.main of <colcon_core.verb.build.BuildVerb object at 0x78d3368e78f0>>, mixin_verb=('build',))
[0.106s] Level 1:colcon.colcon_core.package_discovery:discover_packages(colcon_meta) check parameters
[0.106s] Level 1:colcon.colcon_core.package_discovery:discover_packages(recursive) check parameters
[0.106s] Level 1:colcon.colcon_core.package_discovery:discover_packages(ignore) check parameters
[0.106s] Level 1:colcon.colcon_core.package_discovery:discover_packages(path) check parameters
[0.106s] Level 1:colcon.colcon_core.package_discovery:discover_packages(colcon_meta) discover
[0.107s] Level 1:colcon.colcon_core.package_discovery:discover_packages(recursive) discover
[0.107s] INFO:colcon.colcon_core.package_discovery:Crawling recursively for packages in '/home/soug/sw_ws'
[0.107s] Level 1:colcon.colcon_core.package_identification:_identify(.) by extensions ['ignore', 'ignore_ament_install']
[0.107s] Level 1:colcon.colcon_core.package_identification:_identify(.) by extension 'ignore'
[0.107s] Level 1:colcon.colcon_core.package_identification:_identify(.) by extension 'ignore_ament_install'
[0.107s] Level 1:colcon.colcon_core.package_identification:_identify(.) by extensions ['colcon_pkg']
[0.107s] Level 1:colcon.colcon_core.package_identification:_identify(.) by extension 'colcon_pkg'
[0.107s] Level 1:colcon.colcon_core.package_identification:_identify(.) by extensions ['colcon_meta']
[0.107s] Level 1:colcon.colcon_core.package_identification:_identify(.) by extension 'colcon_meta'
[0.107s] Level 1:colcon.colcon_core.package_identification:_identify(.) by extensions ['ros']
[0.107s] Level 1:colcon.colcon_core.package_identification:_identify(.) by extension 'ros'
[0.135s] Level 1:colcon.colcon_core.package_identification:_identify(.) by extensions ['cmake', 'python']
[0.135s] Level 1:colcon.colcon_core.package_identification:_identify(.) by extension 'cmake'
[0.135s] Level 1:colcon.colcon_core.package_identification:_identify(.) by extension 'python'
[0.135s] Level 1:colcon.colcon_core.package_identification:_identify(.) by extensions ['python_setup_py']
[0.135s] Level 1:colcon.colcon_core.package_identification:_identify(.) by extension 'python_setup_py'
[0.135s] Level 1:colcon.colcon_core.package_identification:_identify(build) by extensions ['ignore', 'ignore_ament_install']
[0.136s] Level 1:colcon.colcon_core.package_identification:_identify(build) by extension 'ignore'
[0.136s] Level 1:colcon.colcon_core.package_identification:_identify(build) ignored
[0.136s] Level 1:colcon.colcon_core.package_identification:_identify(install) by extensions ['ignore', 'ignore_ament_install']
[0.136s] Level 1:colcon.colcon_core.package_identification:_identify(install) by extension 'ignore'
[0.136s] Level 1:colcon.colcon_core.package_identification:_identify(install) ignored
[0.136s] Level 1:colcon.colcon_core.package_identification:_identify(log) by extensions ['ignore', 'ignore_ament_install']
[0.136s] Level 1:colcon.colcon_core.package_identification:_identify(log) by extension 'ignore'
[0.136s] Level 1:colcon.colcon_core.package_identification:_identify(log) ignored
[0.136s] Level 1:colcon.colcon_core.package_identification:_identify(src) by extensions ['ignore', 'ignore_ament_install']
[0.136s] Level 1:colcon.colcon_core.package_identification:_identify(src) by extension 'ignore'
[0.136s] Level 1:colcon.colcon_core.package_identification:_identify(src) by extension 'ignore_ament_install'
[0.136s] Level 1:colcon.colcon_core.package_identification:_identify(src) by extensions ['colcon_pkg']
[0.136s] Level 1:colcon.colcon_core.package_identification:_identify(src) by extension 'colcon_pkg'
[0.136s] Level 1:colcon.colcon_core.package_identification:_identify(src) by extensions ['colcon_meta']
[0.136s] Level 1:colcon.colcon_core.package_identification:_identify(src) by extension 'colcon_meta'
[0.136s] Level 1:colcon.colcon_core.package_identification:_identify(src) by extensions ['ros']
[0.136s] Level 1:colcon.colcon_core.package_identification:_identify(src) by extension 'ros'
[0.136s] Level 1:colcon.colcon_core.package_identification:_identify(src) by extensions ['cmake', 'python']
[0.136s] Level 1:colcon.colcon_core.package_identification:_identify(src) by extension 'cmake'
[0.136s] Level 1:colcon.colcon_core.package_identification:_identify(src) by extension 'python'
[0.136s] Level 1:colcon.colcon_core.package_identification:_identify(src) by extensions ['python_setup_py']
[0.136s] Level 1:colcon.colcon_core.package_identification:_identify(src) by extension 'python_setup_py'
[0.136s] Level 1:colcon.colcon_core.package_identification:_identify(src/px4_msgs) by extensions ['ignore', 'ignore_ament_install']
[0.136s] Level 1:colcon.colcon_core.package_identification:_identify(src/px4_msgs) by extension 'ignore'
[0.136s] Level 1:colcon.colcon_core.package_identification:_identify(src/px4_msgs) by extension 'ignore_ament_install'
[0.136s] Level 1:colcon.colcon_core.package_identification:_identify(src/px4_msgs) by extensions ['colcon_pkg']
[0.136s] Level 1:colcon.colcon_core.package_identification:_identify(src/px4_msgs) by extension 'colcon_pkg'
[0.136s] Level 1:colcon.colcon_core.package_identification:_identify(src/px4_msgs) by extensions ['colcon_meta']
[0.136s] Level 1:colcon.colcon_core.package_identification:_identify(src/px4_msgs) by extension 'colcon_meta'
[0.136s] Level 1:colcon.colcon_core.package_identification:_identify(src/px4_msgs) by extensions ['ros']
[0.136s] Level 1:colcon.colcon_core.package_identification:_identify(src/px4_msgs) by extension 'ros'
[0.138s] DEBUG:colcon.colcon_core.package_identification:Package 'src/px4_msgs' with type 'ros.ament_cmake' and name 'px4_msgs'
[0.138s] Level 1:colcon.colcon_core.package_discovery:discover_packages(recursive) using defaults
[0.138s] Level 1:colcon.colcon_core.package_discovery:discover_packages(ignore) discover
[0.138s] Level 1:colcon.colcon_core.package_discovery:discover_packages(ignore) using defaults
[0.138s] Level 1:colcon.colcon_core.package_discovery:discover_packages(path) discover
[0.138s] Level 1:colcon.colcon_core.package_discovery:discover_packages(path) using defaults
[0.139s] WARNING:colcon.colcon_core.package_selection:ignoring unknown package 'px4_ros_com' in --packages-select
[0.152s] Level 1:colcon.colcon_core.package_discovery:discover_packages(prefix_path) check parameters
[0.152s] Level 1:colcon.colcon_core.package_discovery:discover_packages(prefix_path) discover
[0.152s] WARNING:colcon.colcon_core.prefix_path.colcon:The path '/home/soug/sw_ws/src/px4_msgs/install' in the environment variable COLCON_PREFIX_PATH doesn't exist
[0.152s] WARNING:colcon.colcon_core.prefix_path.colcon:The path '/home/soug/sw_ws/src/px4_ros_com/install' in the environment variable COLCON_PREFIX_PATH doesn't exist
[0.152s] WARNING:colcon.colcon_ros.prefix_path.ament:The path '/home/soug/sw_ws/src/px4_msgs/install/px4_msgs' in the environment variable AMENT_PREFIX_PATH doesn't exist
[0.153s] WARNING:colcon.colcon_ros.prefix_path.catkin:The path '/home/soug/sw_ws/src/px4_msgs/install/px4_msgs' in the environment variable CMAKE_PREFIX_PATH doesn't exist
[0.154s] DEBUG:colcon.colcon_installed_package_information.package_discovery:Found 306 installed packages in /opt/ros/jazzy
[0.155s] Level 1:colcon.colcon_core.package_discovery:discover_packages(prefix_path) using defaults
[0.184s] Level 5:colcon.colcon_core.verb:set package 'px4_msgs' build argument 'cmake_args' from command line to 'None'
[0.184s] Level 5:colcon.colcon_core.verb:set package 'px4_msgs' build argument 'cmake_target' from command line to 'None'
[0.184s] Level 5:colcon.colcon_core.verb:set package 'px4_msgs' build argument 'cmake_target_skip_unavailable' from command line to 'False'
[0.184s] Level 5:colcon.colcon_core.verb:set package 'px4_msgs' build argument 'cmake_clean_cache' from command line to 'False'
[0.184s] Level 5:colcon.colcon_core.verb:set package 'px4_msgs' build argument 'cmake_clean_first' from command line to 'False'
[0.184s] Level 5:colcon.colcon_core.verb:set package 'px4_msgs' build argument 'cmake_force_configure' from command line to 'False'
[0.184s] Level 5:colcon.colcon_core.verb:set package 'px4_msgs' build argument 'ament_cmake_args' from command line to 'None'
[0.184s] Level 5:colcon.colcon_core.verb:set package 'px4_msgs' build argument 'catkin_cmake_args' from command line to 'None'
[0.184s] Level 5:colcon.colcon_core.verb:set package 'px4_msgs' build argument 'catkin_skip_building_tests' from command line to 'False'
[0.184s] DEBUG:colcon.colcon_core.verb:Building package 'px4_msgs' with the following arguments: {'ament_cmake_args': None, 'build_base': '/home/soug/sw_ws/build/px4_msgs', 'catkin_cmake_args': None, 'catkin_skip_building_tests': False, 'cmake_args': None, 'cmake_clean_cache': False, 'cmake_clean_first': False, 'cmake_force_configure': False, 'cmake_target': None, 'cmake_target_skip_unavailable': False, 'install_base': '/home/soug/sw_ws/install/px4_msgs', 'merge_install': False, 'path': '/home/soug/sw_ws/src/px4_msgs', 'symlink_install': False, 'test_result_base': None}
[0.185s] INFO:colcon.colcon_core.executor:Executing jobs using 'parallel' executor
[0.186s] DEBUG:colcon.colcon_parallel_executor.executor.parallel:run_until_complete
[0.186s] INFO:colcon.colcon_ros.task.ament_cmake.build:Building ROS package in '/home/soug/sw_ws/src/px4_msgs' with build type 'ament_cmake'
[0.186s] INFO:colcon.colcon_cmake.task.cmake.build:Building CMake package in '/home/soug/sw_ws/src/px4_msgs'
[0.187s] INFO:colcon.colcon_core.plugin_system:Skipping extension 'colcon_core.shell.bat': Not used on non-Windows systems
[0.187s] INFO:colcon.colcon_core.shell:Skip shell extension 'powershell' for command environment: Not usable outside of PowerShell
[0.187s] DEBUG:colcon.colcon_core.shell:Skip shell extension 'dsv' for command environment
[0.194s] DEBUG:colcon.colcon_core.event_handler.log_command:Invoking command in '/home/soug/sw_ws/build/px4_msgs': CMAKE_PREFIX_PATH=${CMAKE_PREFIX_PATH}:/opt/ros/jazzy DEBUGINFOD_URLS=https://debuginfod.ubuntu.com /usr/bin/cmake /home/soug/sw_ws/src/px4_msgs -DCMAKE_INSTALL_PREFIX=/home/soug/sw_ws/install/px4_msgs
[3.797s] DEBUG:colcon.colcon_core.event_handler.log_command:Invoked command in '/home/soug/sw_ws/build/px4_msgs' returned '0': CMAKE_PREFIX_PATH=${CMAKE_PREFIX_PATH}:/opt/ros/jazzy DEBUGINFOD_URLS=https://debuginfod.ubuntu.com /usr/bin/cmake /home/soug/sw_ws/src/px4_msgs -DCMAKE_INSTALL_PREFIX=/home/soug/sw_ws/install/px4_msgs
[3.799s] DEBUG:colcon.colcon_core.event_handler.log_command:Invoking command in '/home/soug/sw_ws/build/px4_msgs': CMAKE_PREFIX_PATH=${CMAKE_PREFIX_PATH}:/opt/ros/jazzy DEBUGINFOD_URLS=https://debuginfod.ubuntu.com /usr/bin/cmake --build /home/soug/sw_ws/build/px4_msgs -- -j24 -l24
[101.369s] DEBUG:colcon.colcon_core.event_handler.log_command:Invoked command in '/home/soug/sw_ws/build/px4_msgs' returned '0': CMAKE_PREFIX_PATH=${CMAKE_PREFIX_PATH}:/opt/ros/jazzy DEBUGINFOD_URLS=https://debuginfod.ubuntu.com /usr/bin/cmake --build /home/soug/sw_ws/build/px4_msgs -- -j24 -l24
[101.378s] DEBUG:colcon.colcon_core.event_handler.log_command:Invoking command in '/home/soug/sw_ws/build/px4_msgs': CMAKE_PREFIX_PATH=${CMAKE_PREFIX_PATH}:/opt/ros/jazzy DEBUGINFOD_URLS=https://debuginfod.ubuntu.com /usr/bin/cmake --install /home/soug/sw_ws/build/px4_msgs
[101.989s] Level 1:colcon.colcon_core.environment:create_environment_scripts_only(px4_msgs)
[101.990s] DEBUG:colcon.colcon_core.event_handler.log_command:Invoked command in '/home/soug/sw_ws/build/px4_msgs' returned '0': CMAKE_PREFIX_PATH=${CMAKE_PREFIX_PATH}:/opt/ros/jazzy DEBUGINFOD_URLS=https://debuginfod.ubuntu.com /usr/bin/cmake --install /home/soug/sw_ws/build/px4_msgs
[101.991s] Level 1:colcon.colcon_core.environment:checking '/home/soug/sw_ws/install/px4_msgs' for CMake module files
[101.992s] Level 1:colcon.colcon_core.environment:checking '/home/soug/sw_ws/install/px4_msgs' for CMake config files
[101.992s] Level 1:colcon.colcon_core.shell:create_environment_hook('px4_msgs', 'cmake_prefix_path')
[101.992s] INFO:colcon.colcon_core.shell:Creating environment hook '/home/soug/sw_ws/install/px4_msgs/share/px4_msgs/hook/cmake_prefix_path.ps1'
[101.992s] INFO:colcon.colcon_core.shell:Creating environment descriptor '/home/soug/sw_ws/install/px4_msgs/share/px4_msgs/hook/cmake_prefix_path.dsv'
[101.992s] INFO:colcon.colcon_core.shell:Creating environment hook '/home/soug/sw_ws/install/px4_msgs/share/px4_msgs/hook/cmake_prefix_path.sh'
[101.993s] Level 1:colcon.colcon_core.environment:checking '/home/soug/sw_ws/install/px4_msgs/lib'
[101.993s] Level 1:colcon.colcon_core.shell:create_environment_hook('px4_msgs', 'ld_library_path_lib')
[101.993s] INFO:colcon.colcon_core.shell:Creating environment hook '/home/soug/sw_ws/install/px4_msgs/share/px4_msgs/hook/ld_library_path_lib.ps1'
[101.993s] INFO:colcon.colcon_core.shell:Creating environment descriptor '/home/soug/sw_ws/install/px4_msgs/share/px4_msgs/hook/ld_library_path_lib.dsv'
[101.993s] INFO:colcon.colcon_core.shell:Creating environment hook '/home/soug/sw_ws/install/px4_msgs/share/px4_msgs/hook/ld_library_path_lib.sh'
[101.993s] Level 1:colcon.colcon_core.environment:checking '/home/soug/sw_ws/install/px4_msgs/bin'
[101.993s] Level 1:colcon.colcon_core.environment:checking '/home/soug/sw_ws/install/px4_msgs/lib/pkgconfig/px4_msgs.pc'
[101.994s] Level 1:colcon.colcon_core.environment:checking '/home/soug/sw_ws/install/px4_msgs/lib/python3.12/site-packages'
[101.994s] Level 1:colcon.colcon_core.shell:create_environment_hook('px4_msgs', 'pythonpath')
[101.994s] INFO:colcon.colcon_core.shell:Creating environment hook '/home/soug/sw_ws/install/px4_msgs/share/px4_msgs/hook/pythonpath.ps1'
[101.994s] INFO:colcon.colcon_core.shell:Creating environment descriptor '/home/soug/sw_ws/install/px4_msgs/share/px4_msgs/hook/pythonpath.dsv'
[101.994s] INFO:colcon.colcon_core.shell:Creating environment hook '/home/soug/sw_ws/install/px4_msgs/share/px4_msgs/hook/pythonpath.sh'
[101.994s] Level 1:colcon.colcon_core.environment:checking '/home/soug/sw_ws/install/px4_msgs/bin'
[101.994s] INFO:colcon.colcon_core.shell:Creating package script '/home/soug/sw_ws/install/px4_msgs/share/px4_msgs/package.ps1'
[101.995s] INFO:colcon.colcon_core.shell:Creating package descriptor '/home/soug/sw_ws/install/px4_msgs/share/px4_msgs/package.dsv'
[101.995s] INFO:colcon.colcon_core.shell:Creating package script '/home/soug/sw_ws/install/px4_msgs/share/px4_msgs/package.sh'
[101.995s] INFO:colcon.colcon_core.shell:Creating package script '/home/soug/sw_ws/install/px4_msgs/share/px4_msgs/package.bash'
[101.995s] INFO:colcon.colcon_core.shell:Creating package script '/home/soug/sw_ws/install/px4_msgs/share/px4_msgs/package.zsh'
[101.995s] Level 1:colcon.colcon_core.environment:create_file_with_runtime_dependencies(/home/soug/sw_ws/install/px4_msgs/share/colcon-core/packages/px4_msgs)
[101.996s] Level 1:colcon.colcon_core.environment:create_environment_scripts_only(px4_msgs)
[101.996s] Level 1:colcon.colcon_core.environment:checking '/home/soug/sw_ws/install/px4_msgs' for CMake module files
[101.996s] Level 1:colcon.colcon_core.environment:checking '/home/soug/sw_ws/install/px4_msgs' for CMake config files
[101.996s] Level 1:colcon.colcon_core.shell:create_environment_hook('px4_msgs', 'cmake_prefix_path')
[101.996s] INFO:colcon.colcon_core.shell:Creating environment hook '/home/soug/sw_ws/install/px4_msgs/share/px4_msgs/hook/cmake_prefix_path.ps1'
[101.997s] INFO:colcon.colcon_core.shell:Creating environment descriptor '/home/soug/sw_ws/install/px4_msgs/share/px4_msgs/hook/cmake_prefix_path.dsv'
[101.997s] INFO:colcon.colcon_core.shell:Creating environment hook '/home/soug/sw_ws/install/px4_msgs/share/px4_msgs/hook/cmake_prefix_path.sh'
[101.997s] Level 1:colcon.colcon_core.environment:checking '/home/soug/sw_ws/install/px4_msgs/lib'
[101.997s] Level 1:colcon.colcon_core.shell:create_environment_hook('px4_msgs', 'ld_library_path_lib')
[101.997s] INFO:colcon.colcon_core.shell:Creating environment hook '/home/soug/sw_ws/install/px4_msgs/share/px4_msgs/hook/ld_library_path_lib.ps1'
[101.997s] INFO:colcon.colcon_core.shell:Creating environment descriptor '/home/soug/sw_ws/install/px4_msgs/share/px4_msgs/hook/ld_library_path_lib.dsv'
[101.997s] INFO:colcon.colcon_core.shell:Creating environment hook '/home/soug/sw_ws/install/px4_msgs/share/px4_msgs/hook/ld_library_path_lib.sh'
[101.997s] Level 1:colcon.colcon_core.environment:checking '/home/soug/sw_ws/install/px4_msgs/bin'
[101.997s] Level 1:colcon.colcon_core.environment:checking '/home/soug/sw_ws/install/px4_msgs/lib/pkgconfig/px4_msgs.pc'
[101.998s] Level 1:colcon.colcon_core.environment:checking '/home/soug/sw_ws/install/px4_msgs/lib/python3.12/site-packages'
[101.998s] Level 1:colcon.colcon_core.shell:create_environment_hook('px4_msgs', 'pythonpath')
[101.998s] INFO:colcon.colcon_core.shell:Creating environment hook '/home/soug/sw_ws/install/px4_msgs/share/px4_msgs/hook/pythonpath.ps1'
[101.998s] INFO:colcon.colcon_core.shell:Creating environment descriptor '/home/soug/sw_ws/install/px4_msgs/share/px4_msgs/hook/pythonpath.dsv'
[101.998s] INFO:colcon.colcon_core.shell:Creating environment hook '/home/soug/sw_ws/install/px4_msgs/share/px4_msgs/hook/pythonpath.sh'
[101.998s] Level 1:colcon.colcon_core.environment:checking '/home/soug/sw_ws/install/px4_msgs/bin'
[101.998s] INFO:colcon.colcon_core.shell:Creating package script '/home/soug/sw_ws/install/px4_msgs/share/px4_msgs/package.ps1'
[101.999s] INFO:colcon.colcon_core.shell:Creating package descriptor '/home/soug/sw_ws/install/px4_msgs/share/px4_msgs/package.dsv'
[101.999s] INFO:colcon.colcon_core.shell:Creating package script '/home/soug/sw_ws/install/px4_msgs/share/px4_msgs/package.sh'
[101.999s] INFO:colcon.colcon_core.shell:Creating package script '/home/soug/sw_ws/install/px4_msgs/share/px4_msgs/package.bash'
[101.999s] INFO:colcon.colcon_core.shell:Creating package script '/home/soug/sw_ws/install/px4_msgs/share/px4_msgs/package.zsh'
[101.999s] Level 1:colcon.colcon_core.environment:create_file_with_runtime_dependencies(/home/soug/sw_ws/install/px4_msgs/share/colcon-core/packages/px4_msgs)
[101.999s] DEBUG:colcon.colcon_parallel_executor.executor.parallel:closing loop
[102.000s] DEBUG:colcon.colcon_parallel_executor.executor.parallel:loop closed
[102.000s] DEBUG:colcon.colcon_parallel_executor.executor.parallel:run_until_complete finished with '0'
[102.000s] DEBUG:colcon.colcon_core.event_reactor:joining thread
[102.003s] INFO:colcon.colcon_core.plugin_system:Skipping extension 'colcon_notification.desktop_notification.terminal_notifier': Not used on non-Darwin systems
[102.003s] INFO:colcon.colcon_core.plugin_system:Skipping extension 'colcon_notification.desktop_notification.win32': Not used on non-Windows systems
[102.003s] INFO:colcon.colcon_notification.desktop_notification:Sending desktop notification using 'notify2'
[102.013s] DEBUG:colcon.colcon_core.event_reactor:joined thread
[102.013s] INFO:colcon.colcon_core.shell:Creating prefix script '/home/soug/sw_ws/install/local_setup.ps1'
[102.013s] INFO:colcon.colcon_core.shell:Creating prefix util module '/home/soug/sw_ws/install/_local_setup_util_ps1.py'
[102.014s] INFO:colcon.colcon_core.shell:Creating prefix chain script '/home/soug/sw_ws/install/setup.ps1'
[102.014s] INFO:colcon.colcon_core.shell:Creating prefix script '/home/soug/sw_ws/install/local_setup.sh'
[102.014s] INFO:colcon.colcon_core.shell:Creating prefix util module '/home/soug/sw_ws/install/_local_setup_util_sh.py'
[102.015s] INFO:colcon.colcon_core.shell:Creating prefix chain script '/home/soug/sw_ws/install/setup.sh'
[102.015s] INFO:colcon.colcon_core.shell:Creating prefix script '/home/soug/sw_ws/install/local_setup.bash'
[102.015s] INFO:colcon.colcon_core.shell:Creating prefix chain script '/home/soug/sw_ws/install/setup.bash'
[102.016s] INFO:colcon.colcon_core.shell:Creating prefix script '/home/soug/sw_ws/install/local_setup.zsh'
[102.016s] INFO:colcon.colcon_core.shell:Creating prefix chain script '/home/soug/sw_ws/install/setup.zsh'
